  main.cpp
D:\Projekte\Programmierung\BWINF 2021\Runde 2\Aufgabe 3\Aufgabe 3\main.cpp(34,30): warning C4267: "Initialisierung": Konvertierung von "size_t" nach "uint8_t", Datenverlust möglich
D:\Projekte\Programmierung\BWINF 2021\Runde 2\Aufgabe 3\Aufgabe 3\main.cpp(58,109): warning C4244: "=": Konvertierung von "_Rep" in "uint16_t", möglicher Datenverlust
          with
          [
              _Rep=__int64
          ]
D:\Projekte\Programmierung\BWINF 2021\Runde 2\Aufgabe 3\Aufgabe 3\main.cpp(59,119): warning C4244: "=": Konvertierung von "_Rep" in "uint16_t", möglicher Datenverlust
          with
          [
              _Rep=__int64
          ]
D:\Projekte\Programmierung\BWINF 2021\Runde 2\Aufgabe 3\Aufgabe 3\main.cpp(60,130): warning C4244: "=": Konvertierung von "_Rep" in "uint16_t", möglicher Datenverlust
          with
          [
              _Rep=__int64
          ]
  Task3.cpp
D:\Projekte\Programmierung\BWINF 2021\Runde 2\Aufgabe 3\Aufgabe 3\Task3.cpp(23,19): warning C4244: "return": Konvertierung von "unsigned short" in "uint8_t", möglicher Datenverlust
  Code wird generiert...
  Aufgabe 3.vcxproj -> D:\Projekte\Programmierung\BWINF 2021\Runde 2\Aufgabe 3\Debug\Aufgabe3.exe
